  SecureBootKeyDecoder.c
C:\projects\WindowsUEFIdecoder\src\nonedk\WindowsUEFISecureBootDecoder\asn1_ber_decoder.h(28,34): warning C4091: 'typedef ': ignored on left of 'long' when no variable is declared
C:\projects\WindowsUEFIdecoder\src\nonedk\WindowsUEFISecureBootDecoder\asn1_ber_decoder.h(29,36): warning C4091: 'typedef ': ignored on left of 'unsigned int' when no variable is declared
C:\projects\WindowsUEFIdecoder\src\nonedk\WindowsUEFISecureBootDecoder\SecureBootKeyDecoder.c(157,29): warning C4133: 'function': incompatible types - from 'char *' to 'wchar_t *const '
C:\projects\WindowsUEFIdecoder\src\nonedk\WindowsUEFISecureBootDecoder\SecureBootKeyDecoder.c(159,29): warning C4133: 'function': incompatible types - from 'char *' to 'wchar_t *const '
C:\projects\WindowsUEFIdecoder\src\nonedk\WindowsUEFISecureBootDecoder\SecureBootKeyDecoder.c(161,29): warning C4133: 'function': incompatible types - from 'char *' to 'wchar_t *const '
C:\projects\WindowsUEFIdecoder\src\nonedk\WindowsUEFISecureBootDecoder\SecureBootKeyDecoder.c(163,29): warning C4133: 'function': incompatible types - from 'char *' to 'wchar_t *const '
C:\projects\WindowsUEFIdecoder\src\nonedk\WindowsUEFISecureBootDecoder\SecureBootKeyDecoder.c(165,29): warning C4133: 'function': incompatible types - from 'char *' to 'wchar_t *const '
C:\projects\WindowsUEFIdecoder\src\nonedk\WindowsUEFISecureBootDecoder\SecureBootKeyDecoder.c(167,29): warning C4133: 'function': incompatible types - from 'char *' to 'wchar_t *const '
C:\projects\WindowsUEFIdecoder\src\nonedk\WindowsUEFISecureBootDecoder\SecureBootKeyDecoder.c(169,29): warning C4133: 'function': incompatible types - from 'char *' to 'wchar_t *const '
C:\projects\WindowsUEFIdecoder\src\nonedk\WindowsUEFISecureBootDecoder\SecureBootKeyDecoder.c(171,29): warning C4133: 'function': incompatible types - from 'char *' to 'wchar_t *const '
C:\projects\WindowsUEFIdecoder\src\nonedk\WindowsUEFISecureBootDecoder\SecureBootKeyDecoder.c(173,29): warning C4133: 'function': incompatible types - from 'char *' to 'wchar_t *const '
C:\projects\WindowsUEFIdecoder\src\nonedk\WindowsUEFISecureBootDecoder\SecureBootKeyDecoder.c(175,29): warning C4133: 'function': incompatible types - from 'char *' to 'wchar_t *const '
C:\projects\WindowsUEFIdecoder\src\nonedk\WindowsUEFISecureBootDecoder\SecureBootKeyDecoder.c(177,29): warning C4133: 'function': incompatible types - from 'char *' to 'wchar_t *const '
C:\projects\WindowsUEFIdecoder\src\nonedk\WindowsUEFISecureBootDecoder\SecureBootKeyDecoder.c(179,29): warning C4133: 'function': incompatible types - from 'char *' to 'wchar_t *const '
C:\projects\WindowsUEFIdecoder\src\nonedk\WindowsUEFISecureBootDecoder\SecureBootKeyDecoder.c(181,29): warning C4133: 'function': incompatible types - from 'char *' to 'wchar_t *const '
C:\projects\WindowsUEFIdecoder\src\nonedk\WindowsUEFISecureBootDecoder\SecureBootKeyDecoder.c(183,29): warning C4133: 'function': incompatible types - from 'char *' to 'wchar_t *const '
C:\projects\WindowsUEFIdecoder\src\nonedk\WindowsUEFISecureBootDecoder\SecureBootKeyDecoder.c(197,36): warning C4047: 'function': 'CHAR16 *' differs in levels of indirection from 'char **'
C:\projects\WindowsUEFIdecoder\src\nonedk\WindowsUEFISecureBootDecoder\SecureBootKeyDecoder.c(197,36): warning C4024: 'Sprint_OID': different types for formal and actual parameter 3
C:\projects\WindowsUEFIdecoder\src\nonedk\WindowsUEFISecureBootDecoder\SecureBootKeyDecoder.c(199,47): warning C4133: 'function': incompatible types - from 'char *' to 'wchar_t *const '
C:\projects\WindowsUEFIdecoder\src\nonedk\WindowsUEFISecureBootDecoder\SecureBootKeyDecoder.c(201,47): warning C4133: 'function': incompatible types - from 'char *' to 'wchar_t *const '
C:\projects\WindowsUEFIdecoder\src\nonedk\WindowsUEFISecureBootDecoder\SecureBootKeyDecoder.c(203,47): warning C4133: 'function': incompatible types - from 'char *' to 'wchar_t *const '
C:\projects\WindowsUEFIdecoder\src\nonedk\WindowsUEFISecureBootDecoder\SecureBootKeyDecoder.c(205,47): warning C4133: 'function': incompatible types - from 'char *' to 'wchar_t *const '
C:\projects\WindowsUEFIdecoder\src\nonedk\WindowsUEFISecureBootDecoder\SecureBootKeyDecoder.c(207,47): warning C4133: 'function': incompatible types - from 'char *' to 'wchar_t *const '
C:\projects\WindowsUEFIdecoder\src\nonedk\WindowsUEFISecureBootDecoder\SecureBootKeyDecoder.c(209,47): warning C4133: 'function': incompatible types - from 'char *' to 'wchar_t *const '
C:\projects\WindowsUEFIdecoder\src\nonedk\WindowsUEFISecureBootDecoder\SecureBootKeyDecoder.c(211,47): warning C4133: 'function': incompatible types - from 'char *' to 'wchar_t *const '
C:\projects\WindowsUEFIdecoder\src\nonedk\WindowsUEFISecureBootDecoder\SecureBootKeyDecoder.c(213,47): warning C4133: 'function': incompatible types - from 'char *' to 'wchar_t *const '
C:\projects\WindowsUEFIdecoder\src\nonedk\WindowsUEFISecureBootDecoder\SecureBootKeyDecoder.c(215,47): warning C4133: 'function': incompatible types - from 'char *' to 'wchar_t *const '
C:\projects\WindowsUEFIdecoder\src\nonedk\WindowsUEFISecureBootDecoder\SecureBootKeyDecoder.c(217,47): warning C4133: 'function': incompatible types - from 'char *' to 'wchar_t *const '
C:\projects\WindowsUEFIdecoder\src\nonedk\WindowsUEFISecureBootDecoder\SecureBootKeyDecoder.c(219,47): warning C4133: 'function': incompatible types - from 'char *' to 'wchar_t *const '
C:\projects\WindowsUEFIdecoder\src\nonedk\WindowsUEFISecureBootDecoder\SecureBootKeyDecoder.c(221,47): warning C4133: 'function': incompatible types - from 'char *' to 'wchar_t *const '
C:\projects\WindowsUEFIdecoder\src\nonedk\WindowsUEFISecureBootDecoder\SecureBootKeyDecoder.c(223,47): warning C4133: 'function': incompatible types - from 'char *' to 'wchar_t *const '
C:\projects\WindowsUEFIdecoder\src\nonedk\WindowsUEFISecureBootDecoder\SecureBootKeyDecoder.c(225,47): warning C4133: 'function': incompatible types - from 'char *' to 'wchar_t *const '
C:\projects\WindowsUEFIdecoder\src\nonedk\WindowsUEFISecureBootDecoder\SecureBootKeyDecoder.c(226,47): warning C4133: 'function': incompatible types - from 'char *' to 'wchar_t *const '
C:\projects\WindowsUEFIdecoder\src\nonedk\WindowsUEFISecureBootDecoder\SecureBootKeyDecoder.c(226,68): warning C4477: 'swprintf_s' : format string '%ls' requires an argument of type 'unsigned short *', but variadic argument 1 has type 'char *'
C:\projects\WindowsUEFIdecoder\src\nonedk\WindowsUEFISecureBootDecoder\SecureBootKeyDecoder.c(226,68): message : consider using '%hs' in the format string
C:\projects\WindowsUEFIdecoder\src\nonedk\WindowsUEFISecureBootDecoder\SecureBootKeyDecoder.c(226,68): message : consider using '%Ts' in the format string
C:\projects\WindowsUEFIdecoder\src\nonedk\WindowsUEFISecureBootDecoder\SecureBootKeyDecoder.c(227,47): warning C4133: 'function': incompatible types - from 'char *' to 'wchar_t *const '
C:\projects\WindowsUEFIdecoder\src\nonedk\WindowsUEFISecureBootDecoder\SecureBootKeyDecoder.c(248,47): warning C4133: 'function': incompatible types - from 'char *' to 'wchar_t *const '
C:\projects\WindowsUEFIdecoder\src\nonedk\WindowsUEFISecureBootDecoder\SecureBootKeyDecoder.c(253,36): warning C4047: 'function': 'CHAR16 *' differs in levels of indirection from 'char **'
C:\projects\WindowsUEFIdecoder\src\nonedk\WindowsUEFISecureBootDecoder\SecureBootKeyDecoder.c(253,36): warning C4024: 'Sprint_OID': different types for formal and actual parameter 3
C:\projects\WindowsUEFIdecoder\src\nonedk\WindowsUEFISecureBootDecoder\SecureBootKeyDecoder.c(256,47): warning C4133: 'function': incompatible types - from 'char *' to 'wchar_t *const '
C:\projects\WindowsUEFIdecoder\src\nonedk\WindowsUEFISecureBootDecoder\SecureBootKeyDecoder.c(258,47): warning C4133: 'function': incompatible types - from 'char *' to 'wchar_t *const '
C:\projects\WindowsUEFIdecoder\src\nonedk\WindowsUEFISecureBootDecoder\SecureBootKeyDecoder.c(260,47): warning C4133: 'function': incompatible types - from 'char *' to 'wchar_t *const '
C:\projects\WindowsUEFIdecoder\src\nonedk\WindowsUEFISecureBootDecoder\SecureBootKeyDecoder.c(262,47): warning C4133: 'function': incompatible types - from 'char *' to 'wchar_t *const '
C:\projects\WindowsUEFIdecoder\src\nonedk\WindowsUEFISecureBootDecoder\SecureBootKeyDecoder.c(264,47): warning C4133: 'function': incompatible types - from 'char *' to 'wchar_t *const '
C:\projects\WindowsUEFIdecoder\src\nonedk\WindowsUEFISecureBootDecoder\SecureBootKeyDecoder.c(266,47): warning C4133: 'function': incompatible types - from 'char *' to 'wchar_t *const '
C:\projects\WindowsUEFIdecoder\src\nonedk\WindowsUEFISecureBootDecoder\SecureBootKeyDecoder.c(268,47): warning C4133: 'function': incompatible types - from 'char *' to 'wchar_t *const '
C:\projects\WindowsUEFIdecoder\src\nonedk\WindowsUEFISecureBootDecoder\SecureBootKeyDecoder.c(270,47): warning C4133: 'function': incompatible types - from 'char *' to 'wchar_t *const '
C:\projects\WindowsUEFIdecoder\src\nonedk\WindowsUEFISecureBootDecoder\SecureBootKeyDecoder.c(272,47): warning C4133: 'function': incompatible types - from 'char *' to 'wchar_t *const '
C:\projects\WindowsUEFIdecoder\src\nonedk\WindowsUEFISecureBootDecoder\SecureBootKeyDecoder.c(274,47): warning C4133: 'function': incompatible types - from 'char *' to 'wchar_t *const '
C:\projects\WindowsUEFIdecoder\src\nonedk\WindowsUEFISecureBootDecoder\SecureBootKeyDecoder.c(276,47): warning C4133: 'function': incompatible types - from 'char *' to 'wchar_t *const '
C:\projects\WindowsUEFIdecoder\src\nonedk\WindowsUEFISecureBootDecoder\SecureBootKeyDecoder.c(278,47): warning C4133: 'function': incompatible types - from 'char *' to 'wchar_t *const '
C:\projects\WindowsUEFIdecoder\src\nonedk\WindowsUEFISecureBootDecoder\SecureBootKeyDecoder.c(280,47): warning C4133: 'function': incompatible types - from 'char *' to 'wchar_t *const '
C:\projects\WindowsUEFIdecoder\src\nonedk\WindowsUEFISecureBootDecoder\SecureBootKeyDecoder.c(282,47): warning C4133: 'function': incompatible types - from 'char *' to 'wchar_t *const '
C:\projects\WindowsUEFIdecoder\src\nonedk\WindowsUEFISecureBootDecoder\SecureBootKeyDecoder.c(283,47): warning C4133: 'function': incompatible types - from 'char *' to 'wchar_t *const '
C:\projects\WindowsUEFIdecoder\src\nonedk\WindowsUEFISecureBootDecoder\SecureBootKeyDecoder.c(283,68): warning C4477: 'swprintf_s' : format string '%ls' requires an argument of type 'unsigned short *', but variadic argument 1 has type 'char *'
C:\projects\WindowsUEFIdecoder\src\nonedk\WindowsUEFISecureBootDecoder\SecureBootKeyDecoder.c(283,68): message : consider using '%hs' in the format string
C:\projects\WindowsUEFIdecoder\src\nonedk\WindowsUEFISecureBootDecoder\SecureBootKeyDecoder.c(283,68): message : consider using '%Ts' in the format string
C:\projects\WindowsUEFIdecoder\src\nonedk\WindowsUEFISecureBootDecoder\SecureBootKeyDecoder.c(284,47): warning C4133: 'function': incompatible types - from 'char *' to 'wchar_t *const '
C:\projects\WindowsUEFIdecoder\src\nonedk\WindowsUEFISecureBootDecoder\SecureBootKeyDecoder.c(303,43): warning C4133: 'function': incompatible types - from 'char *' to 'wchar_t *const '
C:\projects\WindowsUEFIdecoder\src\nonedk\WindowsUEFISecureBootDecoder\SecureBootKeyDecoder.c(316,43): warning C4133: 'function': incompatible types - from 'char *' to 'wchar_t *const '
C:\projects\WindowsUEFIdecoder\src\nonedk\WindowsUEFISecureBootDecoder\SecureBootKeyDecoder.c(316,64): warning C4477: 'swprintf_s' : format string '%ls' requires an argument of type 'unsigned short *', but variadic argument 1 has type 'char *'
C:\projects\WindowsUEFIdecoder\src\nonedk\WindowsUEFISecureBootDecoder\SecureBootKeyDecoder.c(316,64): message : consider using '%hs' in the format string
C:\projects\WindowsUEFIdecoder\src\nonedk\WindowsUEFISecureBootDecoder\SecureBootKeyDecoder.c(316,64): message : consider using '%Ts' in the format string
C:\projects\WindowsUEFIdecoder\src\nonedk\WindowsUEFISecureBootDecoder\SecureBootKeyDecoder.c(332,43): warning C4133: 'function': incompatible types - from 'char *' to 'wchar_t *const '
C:\projects\WindowsUEFIdecoder\src\nonedk\WindowsUEFISecureBootDecoder\SecureBootKeyDecoder.c(335,51): warning C4133: 'function': incompatible types - from 'char *' to 'wchar_t *const '
C:\projects\WindowsUEFIdecoder\src\nonedk\WindowsUEFISecureBootDecoder\SecureBootKeyDecoder.c(338,43): warning C4133: 'function': incompatible types - from 'char *' to 'wchar_t *const '
C:\projects\WindowsUEFIdecoder\src\nonedk\WindowsUEFISecureBootDecoder\SecureBootKeyDecoder.c(351,43): warning C4133: 'function': incompatible types - from 'char *' to 'wchar_t *const '
C:\projects\WindowsUEFIdecoder\src\nonedk\WindowsUEFISecureBootDecoder\SecureBootKeyDecoder.c(351,64): warning C4477: 'swprintf_s' : format string '%ls' requires an argument of type 'unsigned short *', but variadic argument 1 has type 'char *'
C:\projects\WindowsUEFIdecoder\src\nonedk\WindowsUEFISecureBootDecoder\SecureBootKeyDecoder.c(351,64): message : consider using '%hs' in the format string
C:\projects\WindowsUEFIdecoder\src\nonedk\WindowsUEFISecureBootDecoder\SecureBootKeyDecoder.c(351,64): message : consider using '%Ts' in the format string
C:\projects\WindowsUEFIdecoder\src\nonedk\WindowsUEFISecureBootDecoder\SecureBootKeyDecoder.c(365,43): warning C4133: 'function': incompatible types - from 'char *' to 'wchar_t *const '
C:\projects\WindowsUEFIdecoder\src\nonedk\WindowsUEFISecureBootDecoder\SecureBootKeyDecoder.c(365,64): warning C4477: 'swprintf_s' : format string '%ls' requires an argument of type 'unsigned short *', but variadic argument 1 has type 'char *'
C:\projects\WindowsUEFIdecoder\src\nonedk\WindowsUEFISecureBootDecoder\SecureBootKeyDecoder.c(365,64): message : consider using '%hs' in the format string
C:\projects\WindowsUEFIdecoder\src\nonedk\WindowsUEFISecureBootDecoder\SecureBootKeyDecoder.c(365,64): message : consider using '%Ts' in the format string
C:\projects\WindowsUEFIdecoder\src\nonedk\WindowsUEFISecureBootDecoder\SecureBootKeyDecoder.c(383,36): warning C4047: 'function': 'CHAR16 *' differs in levels of indirection from 'char **'
C:\projects\WindowsUEFIdecoder\src\nonedk\WindowsUEFISecureBootDecoder\SecureBootKeyDecoder.c(383,36): warning C4024: 'Sprint_OID': different types for formal and actual parameter 3
C:\projects\WindowsUEFIdecoder\src\nonedk\WindowsUEFISecureBootDecoder\SecureBootKeyDecoder.c(386,47): warning C4133: 'function': incompatible types - from 'char *' to 'wchar_t *const '
C:\projects\WindowsUEFIdecoder\src\nonedk\WindowsUEFISecureBootDecoder\SecureBootKeyDecoder.c(388,47): warning C4133: 'function': incompatible types - from 'char *' to 'wchar_t *const '
C:\projects\WindowsUEFIdecoder\src\nonedk\WindowsUEFISecureBootDecoder\SecureBootKeyDecoder.c(390,47): warning C4133: 'function': incompatible types - from 'char *' to 'wchar_t *const '
C:\projects\WindowsUEFIdecoder\src\nonedk\WindowsUEFISecureBootDecoder\SecureBootKeyDecoder.c(392,47): warning C4133: 'function': incompatible types - from 'char *' to 'wchar_t *const '
C:\projects\WindowsUEFIdecoder\src\nonedk\WindowsUEFISecureBootDecoder\SecureBootKeyDecoder.c(394,47): warning C4133: 'function': incompatible types - from 'char *' to 'wchar_t *const '
C:\projects\WindowsUEFIdecoder\src\nonedk\WindowsUEFISecureBootDecoder\SecureBootKeyDecoder.c(396,47): warning C4133: 'function': incompatible types - from 'char *' to 'wchar_t *const '
C:\projects\WindowsUEFIdecoder\src\nonedk\WindowsUEFISecureBootDecoder\SecureBootKeyDecoder.c(397,47): warning C4133: 'function': incompatible types - from 'char *' to 'wchar_t *const '
C:\projects\WindowsUEFIdecoder\src\nonedk\WindowsUEFISecureBootDecoder\SecureBootKeyDecoder.c(397,68): warning C4477: 'swprintf_s' : format string '%ls' requires an argument of type 'unsigned short *', but variadic argument 1 has type 'char *'
C:\projects\WindowsUEFIdecoder\src\nonedk\WindowsUEFISecureBootDecoder\SecureBootKeyDecoder.c(397,68): message : consider using '%hs' in the format string
C:\projects\WindowsUEFIdecoder\src\nonedk\WindowsUEFISecureBootDecoder\SecureBootKeyDecoder.c(397,68): message : consider using '%Ts' in the format string
C:\projects\WindowsUEFIdecoder\src\nonedk\WindowsUEFISecureBootDecoder\SecureBootKeyDecoder.c(398,47): warning C4133: 'function': incompatible types - from 'char *' to 'wchar_t *const '
C:\projects\WindowsUEFIdecoder\src\nonedk\WindowsUEFISecureBootDecoder\SecureBootKeyDecoder.c(417,43): warning C4133: 'function': incompatible types - from 'char *' to 'wchar_t *const '
C:\projects\WindowsUEFIdecoder\src\nonedk\WindowsUEFISecureBootDecoder\SecureBootKeyDecoder.c(417,64): warning C4477: 'swprintf_s' : format string '%ls' requires an argument of type 'unsigned short *', but variadic argument 1 has type 'char *'
C:\projects\WindowsUEFIdecoder\src\nonedk\WindowsUEFISecureBootDecoder\SecureBootKeyDecoder.c(417,64): message : consider using '%hs' in the format string
C:\projects\WindowsUEFIdecoder\src\nonedk\WindowsUEFISecureBootDecoder\SecureBootKeyDecoder.c(417,64): message : consider using '%Ts' in the format string
C:\projects\WindowsUEFIdecoder\src\nonedk\WindowsUEFISecureBootDecoder\SecureBootKeyDecoder.c(431,43): warning C4133: 'function': incompatible types - from 'char *' to 'wchar_t *const '
C:\projects\WindowsUEFIdecoder\src\nonedk\WindowsUEFISecureBootDecoder\SecureBootKeyDecoder.c(431,63): warning C4477: 'swprintf_s' : format string '%ls' requires an argument of type 'unsigned short *', but variadic argument 1 has type 'char *'
C:\projects\WindowsUEFIdecoder\src\nonedk\WindowsUEFISecureBootDecoder\SecureBootKeyDecoder.c(431,63): message : consider using '%hs' in the format string
C:\projects\WindowsUEFIdecoder\src\nonedk\WindowsUEFISecureBootDecoder\SecureBootKeyDecoder.c(431,63): message : consider using '%Ts' in the format string
C:\projects\WindowsUEFIdecoder\src\nonedk\WindowsUEFISecureBootDecoder\SecureBootKeyDecoder.c(450,43): warning C4133: 'function': incompatible types - from 'char *' to 'wchar_t *const '
C:\projects\WindowsUEFIdecoder\src\nonedk\WindowsUEFISecureBootDecoder\SecureBootKeyDecoder.c(450,63): warning C4477: 'swprintf_s' : format string '%ls' requires an argument of type 'unsigned short *', but variadic argument 1 has type 'char *'
C:\projects\WindowsUEFIdecoder\src\nonedk\WindowsUEFISecureBootDecoder\SecureBootKeyDecoder.c(450,63): message : consider using '%hs' in the format string
C:\projects\WindowsUEFIdecoder\src\nonedk\WindowsUEFISecureBootDecoder\SecureBootKeyDecoder.c(450,63): message : consider using '%Ts' in the format string
C:\projects\WindowsUEFIdecoder\src\nonedk\WindowsUEFISecureBootDecoder\SecureBootKeyDecoder.c(469,43): warning C4133: 'function': incompatible types - from 'char *' to 'wchar_t *const '
C:\projects\WindowsUEFIdecoder\src\nonedk\WindowsUEFISecureBootDecoder\SecureBootKeyDecoder.c(469,63): warning C4477: 'swprintf_s' : format string '%ls' requires an argument of type 'unsigned short *', but variadic argument 1 has type 'char *'
C:\projects\WindowsUEFIdecoder\src\nonedk\WindowsUEFISecureBootDecoder\SecureBootKeyDecoder.c(469,63): message : consider using '%hs' in the format string
C:\projects\WindowsUEFIdecoder\src\nonedk\WindowsUEFISecureBootDecoder\SecureBootKeyDecoder.c(469,63): message : consider using '%Ts' in the format string
C:\projects\WindowsUEFIdecoder\src\nonedk\WindowsUEFISecureBootDecoder\SecureBootKeyDecoder.c(483,43): warning C4133: 'function': incompatible types - from 'char *' to 'wchar_t *const '
C:\projects\WindowsUEFIdecoder\src\nonedk\WindowsUEFISecureBootDecoder\SecureBootKeyDecoder.c(483,63): warning C4477: 'swprintf_s' : format string '%ls' requires an argument of type 'unsigned short *', but variadic argument 1 has type 'char *'
C:\projects\WindowsUEFIdecoder\src\nonedk\WindowsUEFISecureBootDecoder\SecureBootKeyDecoder.c(483,63): message : consider using '%hs' in the format string
C:\projects\WindowsUEFIdecoder\src\nonedk\WindowsUEFISecureBootDecoder\SecureBootKeyDecoder.c(483,63): message : consider using '%Ts' in the format string
C:\projects\WindowsUEFIdecoder\src\nonedk\WindowsUEFISecureBootDecoder\SecureBootKeyDecoder.c(494,41): warning C4244: 'function': conversion from 'UINTN' to 'size_t', possible loss of data
C:\projects\WindowsUEFIdecoder\src\nonedk\WindowsUEFISecureBootDecoder\SecureBootKeyDecoder.c(522,55): warning C4133: 'function': incompatible types - from 'char *' to 'wchar_t *const '
C:\projects\WindowsUEFIdecoder\src\nonedk\WindowsUEFISecureBootDecoder\SecureBootKeyDecoder.c(522,79): warning C4477: 'swprintf_s' : format string '%ls' requires an argument of type 'unsigned short *', but variadic argument 1 has type 'char *'
C:\projects\WindowsUEFIdecoder\src\nonedk\WindowsUEFISecureBootDecoder\SecureBootKeyDecoder.c(522,79): message : consider using '%hs' in the format string
C:\projects\WindowsUEFIdecoder\src\nonedk\WindowsUEFISecureBootDecoder\SecureBootKeyDecoder.c(522,79): message : consider using '%Ts' in the format string
C:\projects\WindowsUEFIdecoder\src\nonedk\WindowsUEFISecureBootDecoder\SecureBootKeyDecoder.c(522,79): warning C4477: 'swprintf_s' : format string '%g' requires an argument of type 'double', but variadic argument 2 has type 'EFI_GUID *'
C:\projects\WindowsUEFIdecoder\src\nonedk\WindowsUEFISecureBootDecoder\SecureBootKeyDecoder.c(526,91): warning C4244: 'function': conversion from 'UINTN' to 'size_t', possible loss of data
C:\projects\WindowsUEFIdecoder\src\nonedk\WindowsUEFISecureBootDecoder\SecureBootKeyDecoder.c(527,24): warning C4477: 'printf' : format string '%ls' requires an argument of type 'unsigned short *', but variadic argument 1 has type 'char *'
C:\projects\WindowsUEFIdecoder\src\nonedk\WindowsUEFISecureBootDecoder\SecureBootKeyDecoder.c(527,24): message : consider using '%hs' in the format string
C:\projects\WindowsUEFIdecoder\src\nonedk\WindowsUEFISecureBootDecoder\SecureBootKeyDecoder.c(527,24): message : consider using '%s' in the format string
C:\projects\WindowsUEFIdecoder\src\nonedk\WindowsUEFISecureBootDecoder\SecureBootKeyDecoder.c(527,24): message : consider using '%Ts' in the format string
C:\projects\WindowsUEFIdecoder\src\nonedk\WindowsUEFISecureBootDecoder\SecureBootKeyDecoder.c(612,47): warning C4133: 'function': incompatible types - from 'char *' to 'wchar_t *const '
C:\projects\WindowsUEFIdecoder\src\nonedk\WindowsUEFISecureBootDecoder\SecureBootKeyDecoder.c(612,68): warning C4477: 'swprintf_s' : format string '%ls' requires an argument of type 'unsigned short *', but variadic argument 1 has type 'char *'
C:\projects\WindowsUEFIdecoder\src\nonedk\WindowsUEFISecureBootDecoder\SecureBootKeyDecoder.c(612,68): message : consider using '%hs' in the format string
C:\projects\WindowsUEFIdecoder\src\nonedk\WindowsUEFISecureBootDecoder\SecureBootKeyDecoder.c(612,68): message : consider using '%Ts' in the format string
C:\projects\WindowsUEFIdecoder\src\nonedk\WindowsUEFISecureBootDecoder\SecureBootKeyDecoder.c(613,16): warning C4477: 'printf' : format string '%ls' requires an argument of type 'unsigned short *', but variadic argument 1 has type 'char *'
C:\projects\WindowsUEFIdecoder\src\nonedk\WindowsUEFISecureBootDecoder\SecureBootKeyDecoder.c(613,16): message : consider using '%hs' in the format string
C:\projects\WindowsUEFIdecoder\src\nonedk\WindowsUEFISecureBootDecoder\SecureBootKeyDecoder.c(613,16): message : consider using '%s' in the format string
C:\projects\WindowsUEFIdecoder\src\nonedk\WindowsUEFISecureBootDecoder\SecureBootKeyDecoder.c(613,16): message : consider using '%Ts' in the format string
C:\projects\WindowsUEFIdecoder\src\nonedk\WindowsUEFISecureBootDecoder\SecureBootKeyDecoder.c(619,47): warning C4133: 'function': incompatible types - from 'char *' to 'wchar_t *const '
C:\projects\WindowsUEFIdecoder\src\nonedk\WindowsUEFISecureBootDecoder\SecureBootKeyDecoder.c(619,68): warning C4477: 'swprintf_s' : format string '%ls' requires an argument of type 'unsigned short *', but variadic argument 1 has type 'char *'
C:\projects\WindowsUEFIdecoder\src\nonedk\WindowsUEFISecureBootDecoder\SecureBootKeyDecoder.c(619,68): message : consider using '%hs' in the format string
C:\projects\WindowsUEFIdecoder\src\nonedk\WindowsUEFISecureBootDecoder\SecureBootKeyDecoder.c(619,68): message : consider using '%Ts' in the format string
C:\projects\WindowsUEFIdecoder\src\nonedk\WindowsUEFISecureBootDecoder\SecureBootKeyDecoder.c(620,16): warning C4477: 'printf' : format string '%ls' requires an argument of type 'unsigned short *', but variadic argument 1 has type 'char *'
C:\projects\WindowsUEFIdecoder\src\nonedk\WindowsUEFISecureBootDecoder\SecureBootKeyDecoder.c(620,16): message : consider using '%hs' in the format string
C:\projects\WindowsUEFIdecoder\src\nonedk\WindowsUEFISecureBootDecoder\SecureBootKeyDecoder.c(620,16): message : consider using '%s' in the format string
C:\projects\WindowsUEFIdecoder\src\nonedk\WindowsUEFISecureBootDecoder\SecureBootKeyDecoder.c(620,16): message : consider using '%Ts' in the format string
  WindowsUEFIdecoder.vcxproj -> C:\projects\WindowsUEFIdecoder\WindowsUEFIdecoder\Debug\WindowsUEFIdecoder.exe
